Equate elements:  no current cell.
Equate elements:  no current cell.
Equate elements:  no current cell.
Class pfets:  Merged 6 devices.
Class pfets:  Merged 6 devices.

Subcircuit summary:
Circuit 1: pfets                           |Circuit 2: pfets                           
-------------------------------------------|-------------------------------------------
sky130_fd_pr__pfet_01v8_lvt (11)           |sky130_fd_pr__pfet_01v8_lvt (11)           
c (6)                                      |c (6)                                      
Number of devices: 17                      |Number of devices: 17                      
Number of nets: 6                          |Number of nets: 6                          
---------------------------------------------------------------------------------------
Circuits match uniquely.
Netlists match uniquely.

Subcircuit pins:
Circuit 1: pfets                           |Circuit 2: pfets                           
-------------------------------------------|-------------------------------------------
net1                                       |net1                                       
vref                                       |vref                                       
vdd                                        |vdd                                        
net6                                       |net6                                       
net2                                       |net2                                       
---------------------------------------------------------------------------------------
Cell pin lists are equivalent.
Device classes pfets and pfets are equivalent.

Subcircuit summary:
Circuit 1: starternfet                     |Circuit 2: starternfet                     
-------------------------------------------|-------------------------------------------
sky130_fd_pr__nfet_01v8_lvt (2)            |sky130_fd_pr__nfet_01v8_lvt (2)            
c (2)                                      |c (2)                                      
Number of devices: 4                       |Number of devices: 4                       
Number of nets: 3                          |Number of nets: 3                          
---------------------------------------------------------------------------------------
Circuits match uniquely.
Netlists match uniquely.

Subcircuit pins:
Circuit 1: starternfet                     |Circuit 2: starternfet                     
-------------------------------------------|-------------------------------------------
net6                                       |net6                                       
gnd                                        |gnd                                        
---------------------------------------------------------------------------------------
Cell pin lists are equivalent.
Device classes starternfet and starternfet are equivalent.
Class nfets:  Merged 23 devices.
Class nfets:  Merged 23 devices.

Subcircuit summary:
Circuit 1: nfets                           |Circuit 2: nfets                           
-------------------------------------------|-------------------------------------------
sky130_fd_pr__nfet_01v8_lvt (9)            |sky130_fd_pr__nfet_01v8_lvt (9)            
c (8)                                      |c (8)                                      
Number of devices: 17                      |Number of devices: 17                      
Number of nets: 5                          |Number of nets: 5                          
---------------------------------------------------------------------------------------
Circuits match uniquely.
Netlists match uniquely.

Subcircuit pins:
Circuit 1: nfets                           |Circuit 2: nfets                           
-------------------------------------------|-------------------------------------------
net1                                       |net1                                       
net2                                       |net2                                       
gnd                                        |gnd                                        
rp1                                        |rp1                                        
qp1                                        |qp1                                        
---------------------------------------------------------------------------------------
Cell pin lists are equivalent.
Device classes nfets and nfets are equivalent.
Class resbank:  Merged 5 devices.
Class resbank:  Merged 5 devices.

Subcircuit summary:
Circuit 1: resbank                         |Circuit 2: resbank                         
-------------------------------------------|-------------------------------------------
sky130_fd_pr__res_high_po (21)             |sky130_fd_pr__res_high_po (21)             
c (9)                                      |c (9)                                      
Number of devices: 30                      |Number of devices: 30                      
Number of nets: 23                         |Number of nets: 23                         
---------------------------------------------------------------------------------------
Circuits match uniquely.
Netlists match uniquely.

Subcircuit pins:
Circuit 1: resbank                         |Circuit 2: resbank                         
-------------------------------------------|-------------------------------------------
qp2                                        |qp2                                        
qp3                                        |qp3                                        
gnd                                        |gnd                                        
rp1                                        |rp1                                        
vref                                       |vref                                       
---------------------------------------------------------------------------------------
Cell pin lists are equivalent.
Device classes resbank and resbank are equivalent.
Equate elements:  no current cell.

Subcircuit summary:
Circuit 1: toplvs.spice                    |Circuit 2: top_post_layout.spice           
-------------------------------------------|-------------------------------------------
c (22)                                     |c (22)                                     
pfets (1)                                  |pfets (1)                                  
starternfet (1)                            |starternfet (1)                            
nfets (1)                                  |nfets (1)                                  
resbank (1)                                |resbank (1)                                
pnp10 (1)                                  |pnp10 (1)                                  
**FLOATING (1)                             |**FLOATING (1)                             
Number of devices: 28                      |Number of devices: 28                      
Number of nets: 18                         |Number of nets: 18                         
---------------------------------------------------------------------------------------
Circuits match uniquely.
Netlists match uniquely.
Cells have no pins;  pin matching not needed.
Device classes toplvs.spice and top_post_layout.spice are equivalent.
Circuits match uniquely.
